CUDA_VISIBLE_DEVICES=0
Training on quadrant 0 for run filtered_set/autostained_20x_512
Validation loss: 0.5604919195175171
Validation loss: 0.5002560019493103
Overall precision: tensor(0.8496)
Overall recall: tensor(0.7943)
Overall tp: tensor(574405.)
Overall tn: tensor(375324.)
Overall fp: tensor(101700.)
Overall fn: tensor(148796.)
Training on quadrant 1 for run filtered_set/autostained_20x_512
Validation loss: 0.7804431915283203
Validation loss: 0.622363805770874
Overall precision: tensor(0.7136)
Overall recall: tensor(0.6926)
Overall tp: tensor(253431.)
Overall tn: tensor(749171.)
Overall fp: tensor(101711.)
Overall fn: tensor(112487.)
Training on quadrant 2 for run filtered_set/autostained_20x_512
Validation loss: 0.5792194604873657
Validation loss: 0.6524831056594849
Overall precision: tensor(0.7669)
Overall recall: tensor(0.6335)
Overall tp: tensor(289124.)
Overall tn: tensor(480416.)
Overall fp: tensor(87896.)
Overall fn: tensor(167289.)
Training on quadrant 3 for run filtered_set/autostained_20x_512
Validation loss: 0.6201454401016235
Validation loss: 0.695533275604248
Overall precision: tensor(0.7885)
Overall recall: tensor(0.5570)
Overall tp: tensor(281797.)
Overall tn: tensor(635290.)
Overall fp: tensor(75581.)
Overall fn: tensor(224132.)
Overall precision: tensor(0.7922)
Overall recall: tensor(0.6818)
Overall tp: tensor(1398757.)
Overall tn: tensor(2240201.)
Overall fp: tensor(366888.)
Overall fn: tensor(652704.)
Training on quadrant 0 for run whole_set/autostained_20x_512
Validation loss: 0.4735232889652252
Validation loss: 0.47321513295173645
Overall precision: tensor(0.7148)
Overall recall: tensor(0.8177)
Overall tp: tensor(6898274.)
Overall tn: tensor(10193404.)
Overall fp: tensor(2751789.)
Overall fn: tensor(1537772.)
Training on quadrant 1 for run whole_set/autostained_20x_512
Validation loss: 0.696333646774292
Validation loss: 0.535973072052002
Overall precision: tensor(0.6652)
Overall recall: tensor(0.6163)
Overall tp: tensor(2787265.)
Overall tn: tensor(15751321.)
Overall fp: tensor(1402946.)
Overall fn: tensor(1734980.)
Training on quadrant 2 for run whole_set/autostained_20x_512
Validation loss: 0.811333417892456
Validation loss: 0.5056683421134949
Overall precision: tensor(0.6564)
Overall recall: tensor(0.6557)
Overall tp: tensor(3372015.)
Overall tn: tensor(11347192.)
Overall fp: tensor(1765088.)
Overall fn: tensor(1770524.)
Training on quadrant 3 for run whole_set/autostained_20x_512
Validation loss: 0.6374002695083618
Validation loss: 0.5682573318481445
Overall precision: tensor(0.6216)
Overall recall: tensor(0.6859)
Overall tp: tensor(3948018.)
Overall tn: tensor(13517183.)
Overall fp: tensor(2403389.)
Overall fn: tensor(1807922.)
Overall precision: tensor(0.6714)
Overall recall: tensor(0.7128)
Overall tp: tensor(17005572.)
Overall tn: tensor(50809100.)
Overall fp: tensor(8323212.)
Overall fn: tensor(6851198.)
