CUDA_VISIBLE_DEVICES=0
Training group {mode='classification', subset_name='filtered_set'}
Training on quadrant 0 for run classification/filtered_set/manual_20x_512
Validation loss: 0.8460204005241394
Validation loss: 0.6510496139526367
Training on quadrant 1 for run classification/filtered_set/manual_20x_512
Validation loss: 0.7296922206878662
Validation loss: 0.7733625173568726
Training on quadrant 2 for run classification/filtered_set/manual_20x_512
Validation loss: 0.5906989574432373
Validation loss: 0.5953408479690552
Training on quadrant 3 for run classification/filtered_set/manual_20x_512
Validation loss: 0.8622174263000488
Validation loss: 0.8275720477104187
Overall precision: tensor(0.7177)
Overall recall: tensor(0.6450)
Overall tp: tensor(1304148.)
Overall tn: tensor(2204593.)
Overall fp: tensor(513054.)
Overall fn: tensor(717680.)
 * Running SpatialDE
      total_counts  image_x  image_y
0       818.773315     8224     7168
1       701.301941     8228     7088
2       590.357239     8231     7008
3       524.092407     8234     6927
4       463.270874     8237     6847
...            ...      ...      ...
4856    548.493042     3040     2170
4857    341.644653     3043     2090
4858    318.516205     3046     2009
4859    477.023743     3049     1929
4860    667.216492     3053     1849

[4861 rows x 3 columns]
(4861, 1) (4861, 1)
 * Done
