CUDA_VISIBLE_DEVICES=0
Training on quadrant 0 for run filtered_set/autostained_40x_1024
Validation loss: 0.5157374739646912
Validation loss: 0.5345802903175354
Overall precision: tensor(0.8283)
Overall recall: tensor(0.8061)
Overall tp: tensor(582937.)
Overall tn: tensor(356144.)
Overall fp: tensor(120880.)
Overall fn: tensor(140264.)
Training on quadrant 1 for run filtered_set/autostained_40x_1024
Validation loss: 1.0800522565841675
Validation loss: 0.5750907063484192
Overall precision: tensor(0.8436)
Overall recall: tensor(0.5242)
Overall tp: tensor(191814.)
Overall tn: tensor(815321.)
Overall fp: tensor(35561.)
Overall fn: tensor(174104.)
Training on quadrant 2 for run filtered_set/autostained_40x_1024
Validation loss: 0.569021463394165
Validation loss: 0.5634826421737671
Overall precision: tensor(0.7461)
Overall recall: tensor(0.6158)
Overall tp: tensor(281067.)
Overall tn: tensor(472659.)
Overall fp: tensor(95653.)
Overall fn: tensor(175346.)
Training on quadrant 3 for run filtered_set/autostained_40x_1024
Validation loss: 0.5963026881217957
Validation loss: 0.6068007946014404
Overall precision: tensor(0.7447)
Overall recall: tensor(0.7191)
Overall tp: tensor(363820.)
Overall tn: tensor(586119.)
Overall fp: tensor(124752.)
Overall fn: tensor(142109.)
Overall precision: tensor(0.7902)
Overall recall: tensor(0.6920)
Overall tp: tensor(1419638.)
Overall tn: tensor(2230243.)
Overall fp: tensor(376846.)
Overall fn: tensor(631823.)
Training on quadrant 0 for run whole_set/autostained_40x_1024
Validation loss: 0.4656223952770233
Validation loss: 0.4660194218158722
Overall precision: tensor(0.7349)
Overall recall: tensor(0.7698)
Overall tp: tensor(6494487.)
Overall tn: tensor(10601854.)
Overall fp: tensor(2343339.)
Overall fn: tensor(1941559.)
Training on quadrant 1 for run whole_set/autostained_40x_1024
Validation loss: 0.5867964625358582
Validation loss: 0.530073344707489
Overall precision: tensor(0.6359)
Overall recall: tensor(0.6410)
Overall tp: tensor(2898660.)
Overall tn: tensor(15494428.)
Overall fp: tensor(1659839.)
Overall fn: tensor(1623585.)
Training on quadrant 2 for run whole_set/autostained_40x_1024
Validation loss: 0.5434518456459045
Validation loss: 0.5194459557533264
Overall precision: tensor(0.6994)
Overall recall: tensor(0.5574)
Overall tp: tensor(2866472.)
Overall tn: tensor(11880532.)
Overall fp: tensor(1231748.)
Overall fn: tensor(2276067.)
Training on quadrant 3 for run whole_set/autostained_40x_1024
Validation loss: 0.5985647439956665
Validation loss: 0.7271812558174133
Overall precision: tensor(0.6978)
Overall recall: tensor(0.3739)
Overall tp: tensor(2152145.)
Overall tn: tensor(14988742.)
Overall fp: tensor(931830.)
Overall fn: tensor(3603795.)
Overall precision: tensor(0.7003)
Overall recall: tensor(0.6041)
Overall tp: tensor(14411764.)
Overall tn: tensor(52965552.)
Overall fp: tensor(6166756.)
Overall fn: tensor(9445006.)
